[debug] [2020-04-27T17:01:09.455Z] ----------------------------------------------------------------------
[debug] [2020-04-27T17:01:09.457Z] Command:       /usr/bin/node /usr/local/bin/firebase deploy
[debug] [2020-04-27T17:01:09.458Z] CLI Version:   8.1.1
[debug] [2020-04-27T17:01:09.458Z] Platform:      linux
[debug] [2020-04-27T17:01:09.458Z] Node Version:  v12.16.2
[debug] [2020-04-27T17:01:09.458Z] Time:          Mon Apr 27 2020 22:31:09 GMT+0530 (India Standard Time)
[debug] [2020-04-27T17:01:09.459Z] ----------------------------------------------------------------------
[debug] [2020-04-27T17:01:09.459Z] 
[debug] [2020-04-27T17:01:09.466Z] > command requires scopes: ["email","openid","https://www.googleapis.com/auth/cloudplatformprojects.readonly","https://www.googleapis.com/auth/firebase","https://www.googleapis.com/auth/cloud-platform"]
[debug] [2020-04-27T17:01:09.466Z] > authorizing via signed-in user
[debug] [2020-04-27T17:01:09.467Z] [iam] checking project vlogs-vjti for permissions ["firebase.projects.get","firebasehosting.sites.update"]
[debug] [2020-04-27T17:01:09.469Z] > refreshing access token with scopes: ["email","https://www.googleapis.com/auth/cloud-platform","https://www.googleapis.com/auth/cloudplatformprojects.readonly","https://www.googleapis.com/auth/firebase","openid"]
[debug] [2020-04-27T17:01:09.470Z] >>> HTTP REQUEST POST https://www.googleapis.com/oauth2/v3/token  
 <request body omitted>
[debug] [2020-04-27T17:01:09.710Z] <<< HTTP RESPONSE 200 {"content-type":"application/json; charset=utf-8","vary":"X-Origin, Referer, Origin,Accept-Encoding","date":"Mon, 27 Apr 2020 17:01:09 GMT","server":"scaffolding on HTTPServer2","cache-control":"private","x-xss-protection":"0","x-frame-options":"SAMEORIGIN","x-content-type-options":"nosniff","alt-svc":"quic=\":443\"; ma=2592000; v=\"46,43\",h3-Q050=\":443\"; ma=2592000,h3-Q049=\":443\"; ma=2592000,h3-Q048=\":443\"; ma=2592000,h3-Q046=\":443\"; ma=2592000,h3-Q043=\":443\"; ma=2592000,h3-T050=\":443\"; ma=2592000","accept-ranges":"none","transfer-encoding":"chunked"}
[debug] [2020-04-27T17:01:09.811Z] >>> HTTP REQUEST POST https://cloudresourcemanager.googleapis.com/v1/projects/vlogs-vjti:testIamPermissions  
 {"permissions":["firebase.projects.get","firebasehosting.sites.update"]}
[debug] [2020-04-27T17:01:11.562Z] <<< HTTP RESPONSE 200 {"content-type":"application/json; charset=UTF-8","vary":"X-Origin, Referer, Origin,Accept-Encoding","date":"Mon, 27 Apr 2020 17:01:11 GMT","server":"ESF","cache-control":"private","x-xss-protection":"0","x-frame-options":"SAMEORIGIN","x-content-type-options":"nosniff","server-timing":"gfet4t7; dur=1580","alt-svc":"quic=\":443\"; ma=2592000; v=\"46,43\",h3-Q050=\":443\"; ma=2592000,h3-Q049=\":443\"; ma=2592000,h3-Q048=\":443\"; ma=2592000,h3-Q046=\":443\"; ma=2592000,h3-Q043=\":443\"; ma=2592000,h3-T050=\":443\"; ma=2592000","accept-ranges":"none","transfer-encoding":"chunked"}
[debug] [2020-04-27T17:01:11.568Z] >>> HTTP REQUEST GET https://firebase.googleapis.com/v1beta1/projects/vlogs-vjti  
 
[debug] [2020-04-27T17:01:12.032Z] <<< HTTP RESPONSE 200 {"content-type":"application/json; charset=UTF-8","vary":"X-Origin, Referer, Origin,Accept-Encoding","date":"Mon, 27 Apr 2020 17:01:12 GMT","server":"ESF","cache-control":"private","x-xss-protection":"0","x-frame-options":"SAMEORIGIN","x-content-type-options":"nosniff","alt-svc":"quic=\":443\"; ma=2592000; v=\"46,43\",h3-Q050=\":443\"; ma=2592000,h3-Q049=\":443\"; ma=2592000,h3-Q048=\":443\"; ma=2592000,h3-Q046=\":443\"; ma=2592000,h3-Q043=\":443\"; ma=2592000,h3-T050=\":443\"; ma=2592000","accept-ranges":"none","transfer-encoding":"chunked"}
[info] 
[info] === Deploying to 'vlogs-vjti'...
[info] 
[info] i  deploying hosting
[debug] [2020-04-27T17:01:12.037Z] >>> HTTP REQUEST POST https://firebasehosting.googleapis.com/v1beta1/sites/vlogs-vjti/versions  
 {"config":{},"labels":{"deployment-tool":"cli-firebase"}}
[debug] [2020-04-27T17:01:14.447Z] <<< HTTP RESPONSE 200 {"content-type":"application/json; charset=UTF-8","vary":"X-Origin, Referer, Origin,Accept-Encoding","date":"Mon, 27 Apr 2020 17:01:14 GMT","server":"ESF","cache-control":"private","x-xss-protection":"0","x-frame-options":"SAMEORIGIN","x-content-type-options":"nosniff","alt-svc":"quic=\":443\"; ma=2592000; v=\"46,43\",h3-Q050=\":443\"; ma=2592000,h3-Q049=\":443\"; ma=2592000,h3-Q048=\":443\"; ma=2592000,h3-Q046=\":443\"; ma=2592000,h3-Q043=\":443\"; ma=2592000,h3-T050=\":443\"; ma=2592000","accept-ranges":"none","transfer-encoding":"chunked"}
[info] i  hosting[vlogs-vjti]: beginning deploy...
[info] i  hosting[vlogs-vjti]: found 19 files in client/build
[debug] [2020-04-27T17:01:14.474Z] [hosting] hash cache [Y2xpZW50L2J1aWxk] stored for 19 files
[debug] [2020-04-27T17:01:14.474Z] [hosting][hash queue][FINAL] {"max":4,"min":1,"avg":1,"active":0,"complete":19,"success":19,"errored":0,"retried":0,"total":19,"elapsed":6}
[debug] [2020-04-27T17:01:14.475Z] >>> HTTP REQUEST POST https://firebasehosting.googleapis.com/v1beta1/sites/vlogs-vjti/versions/974f0625959ae639:populateFiles  
 <request body omitted>
[debug] [2020-04-27T17:01:16.477Z] <<< HTTP RESPONSE 200 {"content-type":"application/json; charset=UTF-8","vary":"X-Origin, Referer, Origin,Accept-Encoding","date":"Mon, 27 Apr 2020 17:01:16 GMT","server":"ESF","cache-control":"private","x-xss-protection":"0","x-frame-options":"SAMEORIGIN","x-content-type-options":"nosniff","alt-svc":"quic=\":443\"; ma=2592000; v=\"46,43\",h3-Q050=\":443\"; ma=2592000,h3-Q049=\":443\"; ma=2592000,h3-Q048=\":443\"; ma=2592000,h3-Q046=\":443\"; ma=2592000,h3-Q043=\":443\"; ma=2592000,h3-T050=\":443\"; ma=2592000","accept-ranges":"none","transfer-encoding":"chunked"}
[debug] [2020-04-27T17:01:16.480Z] [hosting][populate queue][FINAL] {"max":2007,"min":2007,"avg":2007,"active":0,"complete":1,"success":1,"errored":0,"retried":0,"total":1,"elapsed":2008}
[debug] [2020-04-27T17:01:16.481Z] [hosting] uploads queued: 0
[debug] [2020-04-27T17:01:16.482Z] [hosting][upload queue][FINAL] {"max":0,"min":9999999999,"avg":0,"active":0,"complete":0,"success":0,"errored":0,"retried":0,"total":0,"elapsed":1588006876482}
[info] ✔  hosting[vlogs-vjti]: file upload complete
[debug] [2020-04-27T17:01:16.485Z] [hosting] deploy completed after 2035ms
[debug] [2020-04-27T17:01:16.739Z] [
  {
    "config": {
      "public": "client/build",
      "ignore": [
        "firebase.json",
        "**/.*",
        "**/node_modules/**"
      ],
      "site": "vlogs-vjti"
    },
    "site": "vlogs-vjti",
    "version": "sites/vlogs-vjti/versions/974f0625959ae639"
  }
]
[info] i  hosting[vlogs-vjti]: finalizing version...
[debug] [2020-04-27T17:01:16.743Z] >>> HTTP REQUEST PATCH https://firebasehosting.googleapis.com/v1beta1/sites/vlogs-vjti/versions/974f0625959ae639?updateMask=status  
 {"status":"FINALIZED"}
